rbsb.c(39): Error! E1055: Unable to open 'termio.h'
rbsb.c(57): Warning! W304: Return type 'int' assumed for function 'from_cu'
rbsb.c(63): Warning! W107: Missing return value for function 'from_cu'
rbsb.c(65): Warning! W304: Return type 'int' assumed for function 'cucheck'
rbsb.c(68): Warning! W107: Missing return value for function 'cucheck'
rbsb.c(75): Error! E1011: Symbol 'B110' has not been declared
rbsb.c(75): Error! E1054: Expression must be constant
rbsb.c(76): Error! E1011: Symbol 'B300' has not been declared
rbsb.c(76): Error! E1054: Expression must be constant
rbsb.c(77): Error! E1011: Symbol 'B600' has not been declared
rbsb.c(77): Error! E1054: Expression must be constant
rbsb.c(78): Error! E1011: Symbol 'B1200' has not been declared
rbsb.c(78): Error! E1054: Expression must be constant
rbsb.c(79): Error! E1011: Symbol 'B2400' has not been declared
rbsb.c(79): Error! E1054: Expression must be constant
rbsb.c(80): Error! E1011: Symbol 'B4800' has not been declared
rbsb.c(80): Error! E1054: Expression must be constant
rbsb.c(81): Error! E1011: Symbol 'B9600' has not been declared
rbsb.c(81): Error! E1054: Expression must be constant
rbsb.c(82): Error! E1011: Symbol 'EXTA' has not been declared
rbsb.c(82): Error! E1054: Expression must be constant
rbsb.c(83): Error! E1011: Symbol 'EXTB' has not been declared
rbsb.c(83): Error! E1054: Expression must be constant
rbsb.c(142): Warning! W305: Type 'int' assumed in declaration of 'n'
rbsb.c(167): Warning! W304: Return type 'int' assumed for function 'mode'
rbsb.c(168): Warning! W305: Type 'int' assumed in declaration of 'did0'
rbsb.c(170): Warning! W131: No prototype found for function 'vfile'
rbsb.c(175): Warning! W131: No prototype found for function 'ioctl'
rbsb.c(175): Error! E1011: Symbol 'TCGETA' has not been declared
rbsb.c(176): Error! E1113: Expression has incomplete type
rbsb.c(176): Error! E1113: Expression has incomplete type
rbsb.c(176): Note! I2003: source conversion type is 'struct sgttyb '
rbsb.c(178): Error! E1031: Name 'c_iflag' not found in struct/union sgttyb
rbsb.c(178): Error! E1011: Symbol 'BRKINT' has not been declared
rbsb.c(178): Error! E1011: Symbol 'IXON' has not been declared
rbsb.c(180): Error! E1147: Too many errors: compilation aborted
